<?xml version="1.0" encoding="UTF-8"?>
<!-- Generated by org.testng.reporters.JUnitReportReporter -->
<testsuite skipped="0" hostname="Momo" name="org.example.testRunner.runners" tests="1" failures="0" timestamp="2022-09-13T22:50:37 EET" time="17.415" errors="0">
  <testcase name="runScenario" time="17.415" classname="org.example.testRunner.runners"/>
  <system-out/>
</testsuite> <!-- org.example.testRunner.runners -->
