<?xml version="1.0" encoding="UTF-8"?>
<!-- Generated by org.testng.reporters.JUnitReportReporter -->
<testsuite skipped="0" hostname="Momo" name="org.example.testRunner.runners" tests="4" failures="0" timestamp="2022-09-14T23:41:55 EET" time="65.091" errors="0">
  <testcase name="runScenario" time="10.021" classname="org.example.testRunner.runners"/>
  <system-out/>
  <testcase name="runScenario" time="11.068" classname="org.example.testRunner.runners"/>
  <system-out/>
  <testcase name="runScenario" time="30.811" classname="org.example.testRunner.runners"/>
  <system-out/>
  <testcase name="runScenario" time="13.191" classname="org.example.testRunner.runners"/>
  <system-out/>
</testsuite> <!-- org.example.testRunner.runners -->
